c:\users\yuki\desktop\git\06tomoda\3dlv1_vs2019_00\gameprogramming\debug\vc142.pdb
c:\users\yuki\desktop\git\06tomoda\3dlv1_vs2019_00\gameprogramming\debug\vc142.idb
c:\users\yuki\desktop\git\06tomoda\3dlv1_vs2019_00\gameprogramming\debug\csound.obj
c:\users\yuki\desktop\git\06tomoda\3dlv1_vs2019_00\gameprogramming\debug\cplayer.obj
c:\users\yuki\desktop\git\06tomoda\3dlv1_vs2019_00\gameprogramming\debug\cmodel.obj
c:\users\yuki\desktop\git\06tomoda\3dlv1_vs2019_00\gameprogramming\debug\cmatrix.obj
c:\users\yuki\desktop\git\06tomoda\3dlv1_vs2019_00\gameprogramming\debug\cmaterial.obj
c:\users\yuki\desktop\git\06tomoda\3dlv1_vs2019_00\gameprogramming\debug\cfont.obj
c:\users\yuki\desktop\git\06tomoda\3dlv1_vs2019_00\gameprogramming\debug\cenemy3.obj
c:\users\yuki\desktop\git\06tomoda\3dlv1_vs2019_00\gameprogramming\debug\cenemy.obj
c:\users\yuki\desktop\git\06tomoda\3dlv1_vs2019_00\gameprogramming\debug\ceffect.obj
c:\users\yuki\desktop\git\06tomoda\3dlv1_vs2019_00\gameprogramming\debug\ccollisionmanager.obj
c:\users\yuki\desktop\git\06tomoda\3dlv1_vs2019_00\gameprogramming\debug\ccollidertriangle.obj
c:\users\yuki\desktop\git\06tomoda\3dlv1_vs2019_00\gameprogramming\debug\ccollidermesh.obj
c:\users\yuki\desktop\git\06tomoda\3dlv1_vs2019_00\gameprogramming\debug\ccolliderline.obj
c:\users\yuki\desktop\git\06tomoda\3dlv1_vs2019_00\gameprogramming\debug\ccollider.obj
c:\users\yuki\desktop\git\06tomoda\3dlv1_vs2019_00\gameprogramming\debug\ccharacter3.obj
c:\users\yuki\desktop\git\06tomoda\3dlv1_vs2019_00\gameprogramming\debug\ccamera.obj
c:\users\yuki\desktop\git\06tomoda\3dlv1_vs2019_00\gameprogramming\debug\cbullet.obj
c:\users\yuki\desktop\git\06tomoda\3dlv1_vs2019_00\gameprogramming\debug\cbillboard.obj
c:\users\yuki\desktop\git\06tomoda\3dlv1_vs2019_00\gameprogramming\debug\capplication.obj
c:\users\yuki\desktop\git\06tomoda\3dlv1_vs2019_00\gameprogramming\debug\main.obj
c:\users\yuki\desktop\git\06tomoda\3dlv1_vs2019_00\gameprogramming\debug\cvector.obj
c:\users\yuki\desktop\git\06tomoda\3dlv1_vs2019_00\gameprogramming\debug\cui.obj
c:\users\yuki\desktop\git\06tomoda\3dlv1_vs2019_00\gameprogramming\debug\ctriangle.obj
c:\users\yuki\desktop\git\06tomoda\3dlv1_vs2019_00\gameprogramming\debug\ctransform.obj
c:\users\yuki\desktop\git\06tomoda\3dlv1_vs2019_00\gameprogramming\debug\cinput.obj
c:\users\yuki\desktop\git\06tomoda\3dlv1_vs2019_00\gameprogramming\debug\ctexture.obj
c:\users\yuki\desktop\git\06tomoda\3dlv1_vs2019_00\gameprogramming\debug\ctaskmanager.obj
c:\users\yuki\desktop\git\06tomoda\3dlv1_vs2019_00\gameprogramming\debug\gameprogramming.tlog\cl.command.1.tlog
c:\users\yuki\desktop\git\06tomoda\3dlv1_vs2019_00\gameprogramming\debug\gameprogramming.tlog\cl.read.1.tlog
c:\users\yuki\desktop\git\06tomoda\3dlv1_vs2019_00\gameprogramming\debug\gameprogramming.tlog\cl.write.1.tlog
